C:\USERS\YOKU\DESKTOP\KEXIE (2)\DEBUG\KEXIE.EXE
C:\USERS\YOKU\DESKTOP\KEXIE (2)\DEBUG\KEXIE.ILK
C:\USERS\YOKU\DESKTOP\KEXIE (2)\DEBUG\KEXIE.PDB
C:\Users\YoKu\Desktop\kexie (2)\kexie\Debug\cl.command.1.tlog
C:\Users\YoKu\Desktop\kexie (2)\kexie\Debug\CL.read.1.tlog
C:\Users\YoKu\Desktop\kexie (2)\kexie\Debug\CL.write.1.tlog
C:\USERS\YOKU\DESKTOP\KEXIE (2)\KEXIE\DEBUG\KEXIE.EXE.EMBED.MANIFEST
C:\USERS\YOKU\DESKTOP\KEXIE (2)\KEXIE\DEBUG\KEXIE.EXE.EMBED.MANIFEST.RES
C:\USERS\YOKU\DESKTOP\KEXIE (2)\KEXIE\DEBUG\KEXIE.EXE.INTERMEDIATE.MANIFEST
C:\USERS\YOKU\DESKTOP\KEXIE (2)\KEXIE\DEBUG\KEXIE.OBJ
C:\USERS\YOKU\DESKTOP\KEXIE (2)\KEXIE\DEBUG\KEXIE.PCH
C:\USERS\YOKU\DESKTOP\KEXIE (2)\KEXIE\DEBUG\KEXIE.RES
C:\Users\YoKu\Desktop\kexie (2)\kexie\Debug\kexie.write.1.tlog
C:\Users\YoKu\Desktop\kexie (2)\kexie\Debug\kexie_manifest.rc
C:\USERS\YOKU\DESKTOP\KEXIE (2)\KEXIE\DEBUG\KEXIEDLG.OBJ
C:\Users\YoKu\Desktop\kexie (2)\kexie\Debug\link.9864.read.1.tlog
C:\Users\YoKu\Desktop\kexie (2)\kexie\Debug\link.9864.write.1.tlog
C:\Users\YoKu\Desktop\kexie (2)\kexie\Debug\link.9864-cvtres.read.1.tlog
C:\Users\YoKu\Desktop\kexie (2)\kexie\Debug\link.9864-cvtres.write.1.tlog
C:\Users\YoKu\Desktop\kexie (2)\kexie\Debug\link.command.1.tlog
C:\Users\YoKu\Desktop\kexie (2)\kexie\Debug\link.read.1.tlog
C:\Users\YoKu\Desktop\kexie (2)\kexie\Debug\link.write.1.tlog
C:\Users\YoKu\Desktop\kexie (2)\kexie\Debug\link-cvtres.read.1.tlog
C:\Users\YoKu\Desktop\kexie (2)\kexie\Debug\link-cvtres.write.1.tlog
C:\USERS\YOKU\DESKTOP\KEXIE (2)\KEXIE\DEBUG\MSCOMM1.OBJ
C:\Users\YoKu\Desktop\kexie (2)\kexie\Debug\mt.command.1.tlog
C:\Users\YoKu\Desktop\kexie (2)\kexie\Debug\mt.read.1.tlog
C:\Users\YoKu\Desktop\kexie (2)\kexie\Debug\mt.write.1.tlog
C:\USERS\YOKU\DESKTOP\KEXIE (2)\KEXIE\DEBUG\NUMONEDLG.OBJ
C:\Users\YoKu\Desktop\kexie (2)\kexie\Debug\rc.command.1.tlog
C:\Users\YoKu\Desktop\kexie (2)\kexie\Debug\rc.read.1.tlog
C:\Users\YoKu\Desktop\kexie (2)\kexie\Debug\rc.write.1.tlog
C:\USERS\YOKU\DESKTOP\KEXIE (2)\KEXIE\DEBUG\STDAFX.OBJ
C:\Users\YoKu\Desktop\kexie (2)\kexie\Debug\vc100.idb
C:\USERS\YOKU\DESKTOP\KEXIE (2)\KEXIE\DEBUG\VC100.PDB
